<?xml version="1.0" encoding="UTF-8"?>
<testsuite name="com.example.sensorviewer.ObserveSensorsUseCaseTest" tests="8" skipped="0" failures="0" errors="0" timestamp="2026-03-09T06:13:12" hostname="nachi-PP-Z690" time="0.092">
  <properties/>
  <testcase name="利用不可のセンサーは available=false かつ reading=null で返る" classname="com.example.sensorviewer.ObserveSensorsUseCaseTest" time="0.079"/>
  <testcase name="全センサー利用不可の場合は即座に全て unavailable を emit する" classname="com.example.sensorviewer.ObserveSensorsUseCaseTest" time="0.002"/>
  <testcase name="複数センサーが全て初回値を送るまで emit しない" classname="com.example.sensorviewer.ObserveSensorsUseCaseTest" time="0.002"/>
  <testcase name="出力リストの順序は SensorType#all と一致する" classname="com.example.sensorviewer.ObserveSensorsUseCaseTest" time="0.001"/>
  <testcase name="利用可能なセンサーは available=true で返る" classname="com.example.sensorviewer.ObserveSensorsUseCaseTest" time="0.002"/>
  <testcase name="複数センサーの reading がそれぞれ正しいセンサーにマッピングされる" classname="com.example.sensorviewer.ObserveSensorsUseCaseTest" time="0.002"/>
  <testcase name="センサー値が更新されると新しい emit が来る" classname="com.example.sensorviewer.ObserveSensorsUseCaseTest" time="0.002"/>
  <testcase name="SensorReading の accuracy と timestampNanos が正しく伝播する" classname="com.example.sensorviewer.ObserveSensorsUseCaseTest" time="0.001"/>
  <system-out><![CDATA[]]></system-out>
  <system-err><![CDATA[]]></system-err>
</testsuite>
