<?xml version="1.0" encoding="UTF-8"?>
<testsuite name="com.example.sensorviewer.SensorTypeTest" tests="8" skipped="0" failures="0" errors="0" timestamp="2026-03-09T06:13:12" hostname="nachi-PP-Z690" time="0.001">
  <properties/>
  <testcase name="all に重複する androidConstant はない" classname="com.example.sensorviewer.SensorTypeTest" time="0.0"/>
  <testcase name="各センサーの androidConstant が Android SDK の定数と一致する" classname="com.example.sensorviewer.SensorTypeTest" time="0.0"/>
  <testcase name="全センサーの unit は空でない" classname="com.example.sensorviewer.SensorTypeTest" time="0.001"/>
  <testcase name="all に重複する label はない" classname="com.example.sensorviewer.SensorTypeTest" time="0.0"/>
  <testcase name="3 軸センサーは axes が 3 要素" classname="com.example.sensorviewer.SensorTypeTest" time="0.0"/>
  <testcase name="単軸センサーは axes が 1 要素" classname="com.example.sensorviewer.SensorTypeTest" time="0.0"/>
  <testcase name="all には 6 種のセンサーが含まれる" classname="com.example.sensorviewer.SensorTypeTest" time="0.0"/>
  <testcase name="全センサーの label は空でない" classname="com.example.sensorviewer.SensorTypeTest" time="0.0"/>
  <system-out><![CDATA[]]></system-out>
  <system-err><![CDATA[]]></system-err>
</testsuite>
