<?xml version="1.0" encoding="UTF-8"?>
<testsuite name="com.example.sensorviewer.SensorViewModelTest" tests="3" skipped="0" failures="0" errors="0" timestamp="2026-03-09T05:49:12" hostname="nachi-PP-Z690" time="0.02">
  <properties/>
  <testcase name="UseCase がエラーを emit すると Error に遷移する" classname="com.example.sensorviewer.SensorViewModelTest" time="0.014"/>
  <testcase name="UseCase がセンサーリストを emit すると Success に遷移する" classname="com.example.sensorviewer.SensorViewModelTest" time="0.004"/>
  <testcase name="初期状態は Loading" classname="com.example.sensorviewer.SensorViewModelTest" time="0.002"/>
  <system-out><![CDATA[]]></system-out>
  <system-err><![CDATA[]]></system-err>
</testsuite>
