<?xml version="1.0" encoding="UTF-8"?>
<testsuite name="com.example.sensorviewer.ObserveSensorsUseCaseTest" tests="3" skipped="0" failures="0" errors="0" timestamp="2026-03-09T05:49:12" hostname="nachi-PP-Z690" time="0.08">
  <properties/>
  <testcase name="出力リストの順序は SensorType#all と一致する" classname="com.example.sensorviewer.ObserveSensorsUseCaseTest" time="0.068"/>
  <testcase name="利用可能なセンサーは available=true で返る" classname="com.example.sensorviewer.ObserveSensorsUseCaseTest" time="0.009"/>
  <testcase name="利用不可のセンサーは available=false で返る" classname="com.example.sensorviewer.ObserveSensorsUseCaseTest" time="0.002"/>
  <system-out><![CDATA[]]></system-out>
  <system-err><![CDATA[]]></system-err>
</testsuite>
